2019/05/13 13:56:18 mysql.go:42: info [Mysql Has Open at  127.0.0.1]
2019/05/13 13:56:18 main.go:59: info [Http Serving at:  :8080]
2019/05/13 14:06:53 main.go:64: info [Shutdown Server ...]
2019/05/13 14:06:53 main.go:71: info [Server exiting]
2019/05/13 14:07:08 mysql.go:42: info [Mysql Has Open at  127.0.0.1]
2019/05/13 14:07:08 main.go:59: info [Http Serving at:  :8080]
2019/05/13 14:07:24 index.go:79: debug [Login -------------- admin 96e79218965eb72c92a549dd5a330112 e10adc3949ba59abbe56e057f20f883e]
2019/05/13 14:07:48 index.go:79: debug [Login -------------- admin 96e79218965eb72c92a549dd5a330112 e10adc3949ba59abbe56e057f20f883e]
2019/05/13 14:14:14 main.go:64: info [Shutdown Server ...]
2019/05/13 14:14:14 main.go:71: info [Server exiting]
2019/05/13 14:14:26 mysql.go:42: info [Mysql Has Open at  127.0.0.1]
2019/05/13 14:14:26 main.go:59: info [Http Serving at:  :8080]
2019/05/13 14:14:40 index.go:79: debug [Login -------------- admin 96e79218965eb72c92a549dd5a330112 e10adc3949ba59abbe56e057f20f883e]
2019/05/13 14:14:50 index.go:79: debug [Login -------------- admin e10adc3949ba59abbe56e057f20f883e e10adc3949ba59abbe56e057f20f883e]
2019/05/13 14:18:15 main.go:64: info [Shutdown Server ...]
2019/05/13 14:18:15 main.go:71: info [Server exiting]
2019/05/13 14:18:18 mysql.go:42: info [Mysql Has Open at  127.0.0.1]
2019/05/13 14:18:18 main.go:59: info [Http Serving at:  :8080]
2019/05/13 14:18:19 main.go:64: info [Shutdown Server ...]
2019/05/13 14:18:19 main.go:71: info [Server exiting]
2019/05/13 14:18:41 mysql.go:42: info [Mysql Has Open at  127.0.0.1]
2019/05/13 14:18:41 main.go:59: info [Http Serving at:  :8080]
2019/05/13 14:18:49 index.go:79: debug [Login -------------- admin 96e79218965eb72c92a549dd5a330112 e10adc3949ba59abbe56e057f20f883e]
2019/05/13 14:19:37 index.go:79: debug [Login -------------- admin 96e79218965eb72c92a549dd5a330112 e10adc3949ba59abbe56e057f20f883e]
2019/05/13 14:21:21 main.go:64: info [Shutdown Server ...]
2019/05/13 14:21:21 main.go:71: info [Server exiting]
2019/05/13 14:21:33 mysql.go:42: info [Mysql Has Open at  127.0.0.1]
2019/05/13 14:21:33 main.go:59: info [Http Serving at:  :8080]
2019/05/13 14:21:40 index.go:79: debug [Login -------------- admin 96e79218965eb72c92a549dd5a330112 e10adc3949ba59abbe56e057f20f883e]
2019/05/13 14:21:48 index.go:79: debug [Login -------------- admin 96e79218965eb72c92a549dd5a330112 e10adc3949ba59abbe56e057f20f883e]
2019/05/13 14:22:44 main.go:64: info [Shutdown Server ...]
2019/05/13 14:22:44 main.go:71: info [Server exiting]
2019/05/13 14:22:55 mysql.go:42: info [Mysql Has Open at  127.0.0.1]
2019/05/13 14:22:55 main.go:59: info [Http Serving at:  :8080]
2019/05/13 14:23:00 index.go:79: debug [Login -------------- admin 96e79218965eb72c92a549dd5a330112 e10adc3949ba59abbe56e057f20f883e]
2019/05/13 14:38:32 main.go:64: info [Shutdown Server ...]
2019/05/13 14:38:32 main.go:71: info [Server exiting]
2019/05/13 14:38:44 mysql.go:42: info [Mysql Has Open at  127.0.0.1]
2019/05/13 14:38:44 main.go:59: info [Http Serving at:  :8080]
2019/05/13 14:38:50 index.go:79: debug [Login -------------- admin 96e79218965eb72c92a549dd5a330112 e10adc3949ba59abbe56e057f20f883e]
2019/05/13 14:38:56 index.go:79: debug [Login -------------- admin e10adc3949ba59abbe56e057f20f883e e10adc3949ba59abbe56e057f20f883e]
2019/05/13 14:39:36 index.go:79: debug [Login -------------- admin e10adc3949ba59abbe56e057f20f883e e10adc3949ba59abbe56e057f20f883e]
2019/05/13 15:11:19 main.go:64: info [Shutdown Server ...]
2019/05/13 15:11:19 main.go:71: info [Server exiting]
2019/05/13 15:11:37 mysql.go:42: info [Mysql Has Open at  127.0.0.1]
2019/05/13 15:11:37 main.go:59: info [Http Serving at:  :8080]
2019/05/13 15:11:46 index.go:79: debug [Login -------------- admin 96e79218965eb72c92a549dd5a330112 e10adc3949ba59abbe56e057f20f883e]
2019/05/13 15:11:51 index.go:79: debug [Login -------------- admin e10adc3949ba59abbe56e057f20f883e e10adc3949ba59abbe56e057f20f883e]
2019/05/13 15:13:00 main.go:64: info [Shutdown Server ...]
2019/05/13 15:13:00 main.go:71: info [Server exiting]
2019/05/13 15:13:11 mysql.go:42: info [Mysql Has Open at  127.0.0.1]
2019/05/13 15:13:11 main.go:59: info [Http Serving at:  :8080]
2019/05/13 15:13:19 index.go:79: debug [Login -------------- admin e10adc3949ba59abbe56e057f20f883e e10adc3949ba59abbe56e057f20f883e]
2019/05/13 15:13:21 index.go:79: debug [Login -------------- admin e10adc3949ba59abbe56e057f20f883e e10adc3949ba59abbe56e057f20f883e]
2019/05/13 15:13:21 index.go:79: debug [Login -------------- admin e10adc3949ba59abbe56e057f20f883e e10adc3949ba59abbe56e057f20f883e]
2019/05/13 15:13:21 index.go:79: debug [Login -------------- admin e10adc3949ba59abbe56e057f20f883e e10adc3949ba59abbe56e057f20f883e]
2019/05/13 15:13:21 index.go:79: debug [Login -------------- admin e10adc3949ba59abbe56e057f20f883e e10adc3949ba59abbe56e057f20f883e]
2019/05/13 15:13:22 index.go:79: debug [Login -------------- admin e10adc3949ba59abbe56e057f20f883e e10adc3949ba59abbe56e057f20f883e]
2019/05/13 15:13:22 index.go:79: debug [Login -------------- admin e10adc3949ba59abbe56e057f20f883e e10adc3949ba59abbe56e057f20f883e]
2019/05/13 15:13:22 index.go:79: debug [Login -------------- admin e10adc3949ba59abbe56e057f20f883e e10adc3949ba59abbe56e057f20f883e]
2019/05/13 15:13:22 index.go:79: debug [Login -------------- admin e10adc3949ba59abbe56e057f20f883e e10adc3949ba59abbe56e057f20f883e]
2019/05/13 15:13:22 index.go:79: debug [Login -------------- admin e10adc3949ba59abbe56e057f20f883e e10adc3949ba59abbe56e057f20f883e]
2019/05/13 15:16:12 main.go:64: info [Shutdown Server ...]
2019/05/13 15:16:12 main.go:71: info [Server exiting]
2019/05/13 15:16:26 mysql.go:42: info [Mysql Has Open at  127.0.0.1]
2019/05/13 15:16:26 main.go:59: info [Http Serving at:  :8080]
2019/05/13 15:16:35 index.go:79: debug [Login -------------- admin e10adc3949ba59abbe56e057f20f883e e10adc3949ba59abbe56e057f20f883e]
2019/05/13 15:18:35 main.go:64: info [Shutdown Server ...]
2019/05/13 15:18:35 main.go:71: info [Server exiting]
2019/05/13 15:18:47 mysql.go:42: info [Mysql Has Open at  127.0.0.1]
2019/05/13 15:18:47 main.go:59: info [Http Serving at:  :8080]
2019/05/13 15:18:57 index.go:79: debug [Login -------------- admin e10adc3949ba59abbe56e057f20f883e e10adc3949ba59abbe56e057f20f883e]
2019/05/13 15:18:57 index.go:26: debug [GetUserInfo -------------- admin]
2019/05/13 15:24:38 main.go:64: info [Shutdown Server ...]
2019/05/13 15:24:38 main.go:71: info [Server exiting]
2019/05/13 15:25:17 mysql.go:42: info [Mysql Has Open at  127.0.0.1]
2019/05/13 15:25:17 main.go:59: info [Http Serving at:  :8080]
2019/05/13 15:58:10 main.go:64: info [Shutdown Server ...]
2019/05/13 15:58:10 main.go:71: info [Server exiting]
2019/05/16 14:56:42 mysql.go:42: info [Mysql Has Open at  127.0.0.1]
2019/05/16 14:56:42 main.go:59: info [Http Serving at:  :8080]
2019/05/16 14:56:54 index.go:79: debug [Login -------------- admin 96e79218965eb72c92a549dd5a330112 e10adc3949ba59abbe56e057f20f883e]
2019/05/16 14:57:00 index.go:79: debug [Login -------------- admin e10adc3949ba59abbe56e057f20f883e e10adc3949ba59abbe56e057f20f883e]
2019/05/16 14:57:00 index.go:26: debug [GetUserInfo -------------- admin]
2019/05/16 14:57:59 main.go:64: info [Shutdown Server ...]
2019/05/16 14:57:59 main.go:71: info [Server exiting]
2019/05/16 15:10:10 mysql.go:45: info [Mysql Has Open at  127.0.0.1]
2019/05/16 15:10:10 main.go:59: info [Http Serving at:  :8080]
2019/05/16 15:10:39 index.go:79: debug [Login -------------- admin e10adc3949ba59abbe56e057f20f883e e10adc3949ba59abbe56e057f20f883e]
2019/05/16 15:10:39 index.go:26: debug [GetUserInfo -------------- admin]
2019/05/16 15:15:13 main.go:64: info [Shutdown Server ...]
2019/05/16 15:15:13 main.go:71: info [Server exiting]
2019/05/16 15:15:25 mysql.go:45: info [Mysql Has Open at  127.0.0.1]
2019/05/16 15:15:25 main.go:59: info [Http Serving at:  :8080]
2019/05/16 15:15:44 index.go:79: debug [Login -------------- admin e10adc3949ba59abbe56e057f20f883e e10adc3949ba59abbe56e057f20f883e]
2019/05/16 15:15:44 index.go:26: debug [GetUserInfo -------------- admin]
2019/05/16 15:18:36 main.go:64: info [Shutdown Server ...]
2019/05/16 15:18:36 main.go:71: info [Server exiting]
2019/05/16 15:18:53 mysql.go:45: info [Mysql Has Open at  127.0.0.1]
2019/05/16 15:18:53 main.go:59: info [Http Serving at:  :8080]
2019/05/16 15:19:04 index.go:79: debug [Login -------------- admin e10adc3949ba59abbe56e057f20f883e e10adc3949ba59abbe56e057f20f883e]
2019/05/16 15:19:04 index.go:26: debug [GetUserInfo -------------- admin]
2019/05/16 15:21:23 main.go:64: info [Shutdown Server ...]
2019/05/16 15:21:23 main.go:71: info [Server exiting]
2019/05/16 15:21:36 mysql.go:45: info [Mysql Has Open at  127.0.0.1]
2019/05/16 15:21:36 main.go:59: info [Http Serving at:  :8080]
2019/05/16 15:21:59 index.go:79: debug [Login -------------- admin e10adc3949ba59abbe56e057f20f883e e10adc3949ba59abbe56e057f20f883e]
2019/05/16 15:21:59 index.go:26: debug [GetUserInfo -------------- admin]
2019/05/16 15:22:53 main.go:64: info [Shutdown Server ...]
2019/05/16 15:22:53 main.go:71: info [Server exiting]
2019/05/16 15:23:58 mysql.go:45: info [Mysql Has Open at  127.0.0.1]
2019/05/16 15:23:58 main.go:59: info [Http Serving at:  :8080]
2019/05/16 15:24:10 index.go:79: debug [Login -------------- admin e10adc3949ba59abbe56e057f20f883e e10adc3949ba59abbe56e057f20f883e]
2019/05/16 15:24:10 index.go:26: debug [GetUserInfo -------------- admin]
2019/05/16 15:25:08 main.go:64: info [Shutdown Server ...]
2019/05/16 15:25:08 main.go:71: info [Server exiting]
2019/05/16 15:25:25 mysql.go:45: info [Mysql Has Open at  127.0.0.1]
2019/05/16 15:25:25 main.go:59: info [Http Serving at:  :8080]
2019/05/16 15:25:38 index.go:79: debug [Login -------------- admin e10adc3949ba59abbe56e057f20f883e e10adc3949ba59abbe56e057f20f883e]
2019/05/16 15:25:38 index.go:26: debug [GetUserInfo -------------- admin]
2019/05/16 15:31:33 main.go:64: info [Shutdown Server ...]
2019/05/16 15:31:33 main.go:71: info [Server exiting]
2019/05/16 15:31:49 mysql.go:45: info [Mysql Has Open at  127.0.0.1]
2019/05/16 15:31:49 main.go:59: info [Http Serving at:  :8080]
2019/05/16 15:32:05 index.go:79: debug [Login -------------- admin e10adc3949ba59abbe56e057f20f883e e10adc3949ba59abbe56e057f20f883e]
2019/05/16 15:32:05 index.go:26: debug [GetUserInfo -------------- admin]
2019/05/16 15:33:18 main.go:64: info [Shutdown Server ...]
2019/05/16 15:33:18 main.go:71: info [Server exiting]
2019/05/16 15:33:31 mysql.go:45: info [Mysql Has Open at  127.0.0.1]
2019/05/16 15:33:31 main.go:59: info [Http Serving at:  :8080]
2019/05/16 15:33:42 index.go:79: debug [Login -------------- admin e10adc3949ba59abbe56e057f20f883e e10adc3949ba59abbe56e057f20f883e]
2019/05/16 15:33:42 index.go:26: debug [GetUserInfo -------------- admin]
2019/05/16 15:40:24 main.go:64: info [Shutdown Server ...]
2019/05/16 15:40:24 main.go:71: info [Server exiting]
2019/05/16 15:40:40 mysql.go:45: info [Mysql Has Open at  127.0.0.1]
2019/05/16 15:40:40 main.go:59: info [Http Serving at:  :8080]
2019/05/16 15:40:51 index.go:79: debug [Login -------------- admin e10adc3949ba59abbe56e057f20f883e e10adc3949ba59abbe56e057f20f883e]
2019/05/16 15:40:51 index.go:26: debug [GetUserInfo -------------- admin]
2019/05/16 15:43:13 main.go:64: info [Shutdown Server ...]
2019/05/16 15:43:13 main.go:71: info [Server exiting]
2019/05/16 15:43:24 mysql.go:45: info [Mysql Has Open at  127.0.0.1]
2019/05/16 15:43:24 main.go:59: info [Http Serving at:  :8080]
2019/05/16 15:43:27 index.go:26: debug [GetUserInfo -------------- ]
2019/05/16 15:43:42 index.go:79: debug [Login -------------- admin e10adc3949ba59abbe56e057f20f883e e10adc3949ba59abbe56e057f20f883e]
2019/05/16 15:43:42 index.go:26: debug [GetUserInfo -------------- admin]
2019/05/16 15:56:56 main.go:64: info [Shutdown Server ...]
2019/05/16 15:56:56 main.go:71: info [Server exiting]
2019/05/16 15:57:30 mysql.go:45: info [Mysql Has Open at  127.0.0.1]
2019/05/16 15:57:30 main.go:59: info [Http Serving at:  :8080]
2019/05/16 15:57:33 index.go:26: debug [GetUserInfo -------------- ]
2019/05/16 15:57:41 index.go:79: debug [Login -------------- admin e10adc3949ba59abbe56e057f20f883e e10adc3949ba59abbe56e057f20f883e]
2019/05/16 15:57:41 index.go:26: debug [GetUserInfo -------------- admin]
2019/05/16 15:58:12 index.go:26: debug [GetUserInfo -------------- ]
2019/05/16 15:58:20 index.go:79: debug [Login -------------- admin e10adc3949ba59abbe56e057f20f883e e10adc3949ba59abbe56e057f20f883e]
2019/05/16 15:58:20 index.go:26: debug [GetUserInfo -------------- admin]
2019/05/16 16:00:14 main.go:64: info [Shutdown Server ...]
2019/05/16 16:00:14 main.go:71: info [Server exiting]
2019/05/16 16:00:27 mysql.go:45: info [Mysql Has Open at  127.0.0.1]
2019/05/16 16:00:27 main.go:59: info [Http Serving at:  :8080]
2019/05/16 16:00:59 index.go:79: debug [Login -------------- admin e10adc3949ba59abbe56e057f20f883e e10adc3949ba59abbe56e057f20f883e]
2019/05/16 16:00:59 index.go:26: debug [GetUserInfo -------------- admin]
2019/05/16 16:05:07 main.go:64: info [Shutdown Server ...]
2019/05/16 16:05:07 main.go:71: info [Server exiting]
2019/05/16 16:12:39 mysql.go:45: info [Mysql Has Open at  127.0.0.1]
2019/05/16 16:12:39 main.go:59: info [Http Serving at:  :8080]
2019/05/16 16:12:45 index.go:26: debug [GetUserInfo -------------- ]
2019/05/16 16:12:56 index.go:79: debug [Login -------------- admin e10adc3949ba59abbe56e057f20f883e e10adc3949ba59abbe56e057f20f883e]
2019/05/16 16:12:56 index.go:26: debug [GetUserInfo -------------- admin]
2019/05/16 16:36:36 main.go:64: info [Shutdown Server ...]
2019/05/16 16:36:36 main.go:71: info [Server exiting]
2019/05/16 16:40:37 mysql.go:45: info [Mysql Has Open at  127.0.0.1]
2019/05/16 16:40:37 main.go:59: info [Http Serving at:  :8080]
2019/05/16 16:40:39 index.go:26: debug [GetUserInfo -------------- ]
2019/05/16 16:40:47 index.go:79: debug [Login -------------- admin e10adc3949ba59abbe56e057f20f883e e10adc3949ba59abbe56e057f20f883e]
2019/05/16 16:40:47 index.go:26: debug [GetUserInfo -------------- admin]
2019/05/16 16:40:50 index.go:26: debug [GetUserInfo -------------- ]
2019/05/16 16:41:06 index.go:79: debug [Login -------------- admin e10adc3949ba59abbe56e057f20f883e e10adc3949ba59abbe56e057f20f883e]
2019/05/16 16:41:06 index.go:26: debug [GetUserInfo -------------- admin]
2019/05/16 16:42:36 main.go:64: info [Shutdown Server ...]
2019/05/16 16:42:36 main.go:71: info [Server exiting]
2019/05/16 16:44:17 mysql.go:45: info [Mysql Has Open at  127.0.0.1]
2019/05/16 16:44:17 main.go:59: info [Http Serving at:  :8080]
2019/05/16 16:44:23 index.go:26: debug [GetUserInfo -------------- ]
2019/05/16 16:56:34 index.go:79: debug [Login -------------- admin e10adc3949ba59abbe56e057f20f883e e10adc3949ba59abbe56e057f20f883e]
2019/05/16 16:56:34 index.go:26: debug [GetUserInfo -------------- admin]
2019/05/16 16:58:36 main.go:64: info [Shutdown Server ...]
2019/05/16 16:58:36 main.go:71: info [Server exiting]
2019/05/16 16:59:46 mysql.go:45: info [Mysql Has Open at  127.0.0.1]
2019/05/16 16:59:46 main.go:59: info [Http Serving at:  :8080]
2019/05/16 17:00:13 index.go:79: debug [Login -------------- admin e10adc3949ba59abbe56e057f20f883e e10adc3949ba59abbe56e057f20f883e]
2019/05/16 17:00:13 index.go:26: debug [GetUserInfo -------------- admin]
2019/05/16 17:06:41 main.go:64: info [Shutdown Server ...]
2019/05/16 17:06:41 main.go:71: info [Server exiting]
2019/05/16 17:07:27 mysql.go:45: info [Mysql Has Open at  127.0.0.1]
2019/05/16 17:07:27 main.go:59: info [Http Serving at:  :8080]
2019/05/16 17:07:37 index.go:26: debug [GetUserInfo -------------- ]
2019/05/16 17:07:48 index.go:79: debug [Login -------------- admin e10adc3949ba59abbe56e057f20f883e e10adc3949ba59abbe56e057f20f883e]
2019/05/16 17:07:48 index.go:26: debug [GetUserInfo -------------- admin]
2019/05/16 17:09:04 main.go:64: info [Shutdown Server ...]
2019/05/16 17:09:04 main.go:71: info [Server exiting]
2019/05/16 17:09:15 mysql.go:45: info [Mysql Has Open at  127.0.0.1]
2019/05/16 17:09:15 main.go:59: info [Http Serving at:  :8080]
2019/05/16 17:09:26 index.go:79: debug [Login -------------- admin e10adc3949ba59abbe56e057f20f883e e10adc3949ba59abbe56e057f20f883e]
2019/05/16 17:09:26 index.go:26: debug [GetUserInfo -------------- admin]
2019/05/16 17:09:35 index.go:104: debug [Logger---------- admin /stats/stats 2019-5-9 2019-5-16]
2019/05/16 17:09:49 index.go:104: debug [Logger---------- admin /stats/statscut 2019-5-9 2019-5-16]
2019/05/16 17:09:52 index.go:104: debug [Logger---------- admin /stats/stats 2019-5-9 2019-5-16]
2019/05/16 17:09:53 index.go:104: debug [Logger---------- admin /stats/statscut 2019-5-9 2019-5-16]
2019/05/16 17:09:54 index.go:104: debug [Logger---------- admin /stats/stats 2019-5-9 2019-5-16]
2019/05/16 17:36:51 main.go:64: info [Shutdown Server ...]
2019/05/16 17:36:51 main.go:71: info [Server exiting]
2019/05/16 17:37:04 mysql.go:45: info [Mysql Has Open at  127.0.0.1]
2019/05/16 17:37:04 main.go:59: info [Http Serving at:  :8080]
2019/05/16 17:37:09 index.go:26: debug [GetUserInfo -------------- ]
2019/05/16 17:37:27 index.go:79: debug [Login -------------- admin e10adc3949ba59abbe56e057f20f883e e10adc3949ba59abbe56e057f20f883e]
2019/05/16 17:37:27 index.go:26: debug [GetUserInfo -------------- admin]
2019/05/16 17:37:30 index.go:104: debug [Logger---------- admin /stats/stats 2019-5-9 2019-5-16]
2019/05/16 17:37:54 index.go:104: debug [Logger---------- admin /stats/statscut 2019-5-9 2019-5-16]
2019/05/16 17:37:58 index.go:104: debug [Logger---------- admin /stats/stats 2019-5-9 2019-5-16]
2019/05/16 17:38:00 index.go:104: debug [Logger---------- admin /stats/statscut 2019-5-9 2019-5-16]
2019/05/16 17:38:02 index.go:104: debug [Logger---------- admin /stats/stats 2019-5-9 2019-5-16]
2019/05/16 17:38:28 index.go:104: debug [Logger---------- admin /stats/statscut 2019-5-9 2019-5-16]
2019/05/16 17:38:29 index.go:104: debug [Logger---------- admin /stats/stats 2019-5-9 2019-5-16]
2019/05/16 17:38:33 index.go:104: debug [Logger---------- admin /stats/statscut 2019-5-9 2019-5-16]
2019/05/16 17:38:36 index.go:104: debug [Logger---------- admin /stats/stats 2019-5-9 2019-5-16]
2019/05/16 17:38:38 index.go:104: debug [Logger---------- admin /stats/statscut 2019-5-9 2019-5-16]
2019/05/16 17:38:39 index.go:104: debug [Logger---------- admin /stats/stats 2019-5-9 2019-5-16]
2019/05/16 17:38:41 index.go:104: debug [Logger---------- admin /stats/statscut 2019-5-9 2019-5-16]
2019/05/16 17:40:12 index.go:104: debug [Logger---------- admin /stats/stats 2019-5-9 2019-5-16]
2019/05/16 17:40:35 main.go:64: info [Shutdown Server ...]
2019/05/16 17:40:35 main.go:71: info [Server exiting]
2019/05/16 17:40:47 mysql.go:45: info [Mysql Has Open at  127.0.0.1]
2019/05/16 17:40:47 main.go:59: info [Http Serving at:  :8080]
2019/05/16 17:40:50 index.go:26: debug [GetUserInfo -------------- ]
2019/05/16 17:40:59 index.go:79: debug [Login -------------- admin e10adc3949ba59abbe56e057f20f883e e10adc3949ba59abbe56e057f20f883e]
2019/05/16 17:40:59 index.go:26: debug [GetUserInfo -------------- admin]
2019/05/16 17:40:59 index.go:104: debug [Logger---------- admin /stats/stats 2019-5-9 2019-5-16]
2019/05/16 17:41:08 index.go:104: debug [Logger---------- admin /stats/statscut 2019-5-9 2019-5-16]
2019/05/16 17:41:10 index.go:104: debug [Logger---------- admin /stats/stats 2019-5-9 2019-5-16]
2019/05/16 17:42:57 settings.go:22: debug [ReqSvrCfg -------------- admin 20201]
2019/05/16 17:42:57 settings.go:33: debug [ReqSvrCfg  https://qgame-test.dayukeji.com:12004/Logic/user/getServerConfig?gameId=20201]
2019/05/16 17:44:26 main.go:64: info [Shutdown Server ...]
2019/05/16 17:44:26 main.go:71: info [Server exiting]
2019/05/16 17:44:43 mysql.go:45: info [Mysql Has Open at  127.0.0.1]
2019/05/16 17:44:43 main.go:59: info [Http Serving at:  :8080]
2019/05/16 17:44:49 index.go:26: debug [GetUserInfo -------------- ]
2019/05/16 17:44:55 index.go:79: debug [Login -------------- admin e10adc3949ba59abbe56e057f20f883e e10adc3949ba59abbe56e057f20f883e]
2019/05/16 17:44:55 index.go:26: debug [GetUserInfo -------------- admin]
2019/05/16 17:45:16 index.go:104: debug [Logger---------- admin /stats/stats 2019-5-9 2019-5-16]
2019/05/16 17:46:53 main.go:64: info [Shutdown Server ...]
2019/05/16 17:46:53 main.go:71: info [Server exiting]
2019/05/16 17:47:43 mysql.go:45: info [Mysql Has Open at  127.0.0.1]
2019/05/16 17:47:43 main.go:59: info [Http Serving at:  :8080]
2019/05/16 17:47:47 index.go:26: debug [GetUserInfo -------------- ]
2019/05/16 17:47:48 index.go:79: debug [Login -------------- admin 96e79218965eb72c92a549dd5a330112 e10adc3949ba59abbe56e057f20f883e]
2019/05/16 17:47:51 index.go:79: debug [Login -------------- admin e10adc3949ba59abbe56e057f20f883e e10adc3949ba59abbe56e057f20f883e]
2019/05/16 17:47:51 index.go:26: debug [GetUserInfo -------------- admin]
2019/05/16 17:48:36 main.go:64: info [Shutdown Server ...]
2019/05/16 17:48:36 main.go:71: info [Server exiting]
2019/05/16 17:48:47 mysql.go:45: info [Mysql Has Open at  127.0.0.1]
2019/05/16 17:48:47 main.go:59: info [Http Serving at:  :8080]
2019/05/16 17:48:50 index.go:26: debug [GetUserInfo -------------- ]
2019/05/16 17:48:57 index.go:79: debug [Login -------------- admin e10adc3949ba59abbe56e057f20f883e e10adc3949ba59abbe56e057f20f883e]
2019/05/16 17:48:57 index.go:26: debug [GetUserInfo -------------- admin]
2019/05/16 17:49:47 main.go:64: info [Shutdown Server ...]
2019/05/16 17:49:47 main.go:71: info [Server exiting]
2019/05/16 17:49:58 mysql.go:45: info [Mysql Has Open at  127.0.0.1]
2019/05/16 17:49:58 main.go:59: info [Http Serving at:  :8080]
2019/05/16 17:50:01 index.go:26: debug [GetUserInfo -------------- ]
2019/05/16 17:50:11 index.go:79: debug [Login -------------- admin e10adc3949ba59abbe56e057f20f883e e10adc3949ba59abbe56e057f20f883e]
2019/05/16 17:50:11 index.go:26: debug [GetUserInfo -------------- admin]
2019/05/16 18:25:29 main.go:64: info [Shutdown Server ...]
2019/05/16 18:25:29 main.go:71: info [Server exiting]
2019/05/16 18:25:42 mysql.go:45: info [Mysql Has Open at  127.0.0.1]
2019/05/16 18:25:42 main.go:59: info [Http Serving at:  :8080]
2019/05/16 18:25:52 index.go:26: debug [GetUserInfo -------------- ]
2019/05/16 18:25:53 index.go:79: debug [Login -------------- admin 96e79218965eb72c92a549dd5a330112 e10adc3949ba59abbe56e057f20f883e]
2019/05/16 18:26:00 index.go:79: debug [Login -------------- admin e10adc3949ba59abbe56e057f20f883e e10adc3949ba59abbe56e057f20f883e]
2019/05/16 18:26:00 index.go:26: debug [GetUserInfo -------------- admin]
2019/05/16 18:26:54 main.go:64: info [Shutdown Server ...]
2019/05/16 18:26:54 main.go:71: info [Server exiting]
2019/05/16 18:27:06 mysql.go:45: info [Mysql Has Open at  127.0.0.1]
2019/05/16 18:27:06 main.go:59: info [Http Serving at:  :8080]
2019/05/16 18:27:10 index.go:26: debug [GetUserInfo -------------- ]
2019/05/16 18:27:12 index.go:79: debug [Login -------------- admin 96e79218965eb72c92a549dd5a330112 e10adc3949ba59abbe56e057f20f883e]
2019/05/16 18:27:19 index.go:79: debug [Login -------------- admin e10adc3949ba59abbe56e057f20f883e e10adc3949ba59abbe56e057f20f883e]
2019/05/16 18:27:19 index.go:26: debug [GetUserInfo -------------- admin]
2019/05/16 18:28:04 main.go:64: info [Shutdown Server ...]
2019/05/16 18:28:04 main.go:71: info [Server exiting]
2019/05/16 18:28:17 mysql.go:45: info [Mysql Has Open at  127.0.0.1]
2019/05/16 18:28:17 main.go:59: info [Http Serving at:  :8080]
2019/05/16 18:28:23 index.go:26: debug [GetUserInfo -------------- ]
2019/05/16 18:28:31 index.go:79: debug [Login -------------- admin e10adc3949ba59abbe56e057f20f883e e10adc3949ba59abbe56e057f20f883e]
2019/05/16 18:28:31 index.go:26: debug [GetUserInfo -------------- admin]
2019/05/16 18:28:46 index.go:104: debug [Logger---------- admin /stats/stats 2019-5-9 2019-5-16]
2019/05/16 18:28:51 index.go:104: debug [Logger---------- admin /stats/statscut 2019-5-9 2019-5-16]
2019/05/16 18:29:30 main.go:64: info [Shutdown Server ...]
2019/05/16 18:29:30 main.go:71: info [Server exiting]
2019/05/16 18:29:41 mysql.go:45: info [Mysql Has Open at  127.0.0.1]
2019/05/16 18:29:41 main.go:59: info [Http Serving at:  :8080]
2019/05/16 18:29:44 index.go:26: debug [GetUserInfo -------------- ]
2019/05/16 18:29:51 index.go:79: debug [Login -------------- admin e10adc3949ba59abbe56e057f20f883e e10adc3949ba59abbe56e057f20f883e]
2019/05/16 18:29:51 index.go:26: debug [GetUserInfo -------------- admin]
2019/05/16 18:32:24 main.go:64: info [Shutdown Server ...]
2019/05/16 18:32:24 main.go:71: info [Server exiting]
2019/05/16 18:33:10 mysql.go:45: info [Mysql Has Open at  127.0.0.1]
2019/05/16 18:33:10 main.go:59: info [Http Serving at:  :8080]
2019/05/16 18:33:14 index.go:26: debug [GetUserInfo -------------- ]
2019/05/16 18:33:20 index.go:79: debug [Login -------------- admin e10adc3949ba59abbe56e057f20f883e e10adc3949ba59abbe56e057f20f883e]
2019/05/16 18:33:20 index.go:26: debug [GetUserInfo -------------- admin]
2019/05/16 18:35:03 main.go:64: info [Shutdown Server ...]
2019/05/16 18:35:03 main.go:71: info [Server exiting]
2019/05/16 18:35:14 mysql.go:45: info [Mysql Has Open at  127.0.0.1]
2019/05/16 18:35:14 main.go:59: info [Http Serving at:  :8080]
2019/05/16 18:35:17 index.go:26: debug [GetUserInfo -------------- ]
2019/05/16 18:35:23 index.go:79: debug [Login -------------- admin e10adc3949ba59abbe56e057f20f883e e10adc3949ba59abbe56e057f20f883e]
2019/05/16 18:35:23 index.go:26: debug [GetUserInfo -------------- admin]
2019/05/16 18:39:27 main.go:64: info [Shutdown Server ...]
2019/05/16 18:39:27 main.go:71: info [Server exiting]
2019/05/16 18:39:39 mysql.go:45: info [Mysql Has Open at  127.0.0.1]
2019/05/16 18:39:39 main.go:59: info [Http Serving at:  :8080]
2019/05/16 18:39:43 index.go:26: debug [GetUserInfo -------------- ]
2019/05/16 18:39:51 index.go:79: debug [Login -------------- admin e10adc3949ba59abbe56e057f20f883e e10adc3949ba59abbe56e057f20f883e]
2019/05/16 18:39:51 index.go:26: debug [GetUserInfo -------------- admin]
2019/05/16 18:42:21 main.go:64: info [Shutdown Server ...]
2019/05/16 18:42:21 main.go:71: info [Server exiting]
2019/05/16 18:42:33 mysql.go:45: info [Mysql Has Open at  127.0.0.1]
2019/05/16 18:42:33 main.go:59: info [Http Serving at:  :8080]
2019/05/16 18:42:37 index.go:26: debug [GetUserInfo -------------- ]
2019/05/16 18:43:00 index.go:79: debug [Login -------------- admin e10adc3949ba59abbe56e057f20f883e e10adc3949ba59abbe56e057f20f883e]
2019/05/16 18:43:00 index.go:26: debug [GetUserInfo -------------- admin]
2019/05/16 18:46:39 main.go:64: info [Shutdown Server ...]
2019/05/16 18:46:39 main.go:71: info [Server exiting]
2019/05/16 18:46:53 mysql.go:45: info [Mysql Has Open at  127.0.0.1]
2019/05/16 18:46:53 main.go:59: info [Http Serving at:  :8080]
2019/05/16 18:47:01 index.go:26: debug [GetUserInfo -------------- ]
2019/05/16 18:47:08 index.go:79: debug [Login -------------- admin e10adc3949ba59abbe56e057f20f883e e10adc3949ba59abbe56e057f20f883e]
2019/05/16 18:47:08 index.go:26: debug [GetUserInfo -------------- admin]
2019/05/16 18:50:23 main.go:64: info [Shutdown Server ...]
2019/05/16 18:50:23 main.go:71: info [Server exiting]
2019/05/16 18:50:35 mysql.go:45: info [Mysql Has Open at  127.0.0.1]
2019/05/16 18:50:35 main.go:59: info [Http Serving at:  :8080]
2019/05/16 18:50:40 index.go:26: debug [GetUserInfo -------------- ]
2019/05/16 18:50:46 index.go:79: debug [Login -------------- admin e10adc3949ba59abbe56e057f20f883e e10adc3949ba59abbe56e057f20f883e]
2019/05/16 18:50:46 index.go:26: debug [GetUserInfo -------------- admin]
2019/05/16 18:50:55 settings.go:22: debug [ReqSvrCfg -------------- admin 20201]
2019/05/16 18:50:55 settings.go:33: debug [ReqSvrCfg  https://qgame-test.dayukeji.com:12004/Logic/user/getServerConfig?gameId=20201]
2019/05/16 18:51:00 index.go:104: debug [Logger---------- admin /stats/stats 2019-5-9 2019-5-16]
2019/05/16 18:51:02 index.go:104: debug [Logger---------- admin /stats/statscut 2019-5-9 2019-5-16]
2019/05/16 18:51:18 index.go:104: debug [Logger---------- admin /stats/stats 2019-5-9 2019-5-16]
2019/05/16 18:52:23 index.go:104: debug [Logger---------- admin /stats/stats 2019-5-9 2019-5-16]
2019/05/16 18:59:23 main.go:64: info [Shutdown Server ...]
2019/05/16 18:59:23 main.go:71: info [Server exiting]
2019/05/16 18:59:42 mysql.go:45: info [Mysql Has Open at  127.0.0.1]
2019/05/16 18:59:42 main.go:59: info [Http Serving at:  :8080]
2019/05/16 18:59:47 index.go:26: debug [GetUserInfo -------------- ]
2019/05/16 18:59:54 index.go:79: debug [Login -------------- admin e10adc3949ba59abbe56e057f20f883e e10adc3949ba59abbe56e057f20f883e]
2019/05/16 18:59:54 index.go:26: debug [GetUserInfo -------------- admin]
2019/05/16 19:00:01 index.go:104: debug [Logger---------- admin /stats/stats 2019-5-9 2019-5-16]
2019/05/16 19:00:41 main.go:64: info [Shutdown Server ...]
2019/05/16 19:00:41 main.go:71: info [Server exiting]
2019/05/16 19:01:13 mysql.go:45: info [Mysql Has Open at  127.0.0.1]
2019/05/16 19:01:13 main.go:59: info [Http Serving at:  :8080]
2019/05/16 19:01:17 index.go:26: debug [GetUserInfo -------------- ]
2019/05/16 19:01:23 index.go:79: debug [Login -------------- admin e10adc3949ba59abbe56e057f20f883e e10adc3949ba59abbe56e057f20f883e]
2019/05/16 19:01:23 index.go:26: debug [GetUserInfo -------------- admin]
2019/05/16 19:01:23 index.go:104: debug [Logger---------- admin /stats/stats 2019-5-9 2019-5-16]
2019/05/16 19:02:50 main.go:64: info [Shutdown Server ...]
2019/05/16 19:02:50 main.go:71: info [Server exiting]
2019/05/16 19:03:02 mysql.go:45: info [Mysql Has Open at  127.0.0.1]
2019/05/16 19:03:02 main.go:59: info [Http Serving at:  :8080]
2019/05/16 19:03:18 index.go:26: debug [GetUserInfo -------------- ]
2019/05/16 19:03:23 index.go:79: debug [Login -------------- admin e10adc3949ba59abbe56e057f20f883e e10adc3949ba59abbe56e057f20f883e]
2019/05/16 19:03:23 index.go:26: debug [GetUserInfo -------------- admin]
2019/05/16 19:03:25 index.go:104: debug [Logger---------- admin /stats/stats 2019-5-9 2019-5-16]
2019/05/16 19:03:40 index.go:104: debug [Logger---------- admin /stats/stats 2019-5-9 2019-5-16]
2019/05/16 19:04:55 main.go:64: info [Shutdown Server ...]
2019/05/16 19:04:55 main.go:71: info [Server exiting]
2019/05/16 19:06:00 mysql.go:45: info [Mysql Has Open at  127.0.0.1]
2019/05/16 19:06:00 main.go:59: info [Http Serving at:  :8080]
2019/05/16 19:06:12 index.go:79: debug [Login -------------- admin e10adc3949ba59abbe56e057f20f883e e10adc3949ba59abbe56e057f20f883e]
2019/05/16 19:06:12 index.go:26: debug [GetUserInfo -------------- admin]
2019/05/16 19:06:12 index.go:104: debug [Logger---------- admin /stats/stats 2019-5-9 2019-5-16]
2019/05/16 19:07:34 main.go:64: info [Shutdown Server ...]
2019/05/16 19:07:34 main.go:71: info [Server exiting]
2019/05/16 19:07:46 mysql.go:45: info [Mysql Has Open at  127.0.0.1]
2019/05/16 19:07:46 main.go:59: info [Http Serving at:  :8080]
2019/05/16 19:08:10 index.go:79: debug [Login -------------- taptap f379eaf3c831b04de153469d1bec345e f379eaf3c831b04de153469d1bec345e]
2019/05/16 19:08:10 index.go:26: debug [GetUserInfo -------------- taptap]
2019/05/16 19:15:04 main.go:64: info [Shutdown Server ...]
2019/05/16 19:15:04 main.go:71: info [Server exiting]
2019/05/16 19:15:42 mysql.go:45: info [Mysql Has Open at  127.0.0.1]
2019/05/16 19:15:42 main.go:59: info [Http Serving at:  :8080]
2019/05/16 19:15:47 index.go:26: debug [GetUserInfo -------------- ]
2019/05/16 19:15:56 index.go:79: debug [Login -------------- taptap f379eaf3c831b04de153469d1bec345e f379eaf3c831b04de153469d1bec345e]
2019/05/16 19:15:56 index.go:26: debug [GetUserInfo -------------- taptap]
2019/05/16 19:15:59 index.go:104: debug [Logger---------- taptap /stats/statscut 2019-5-9 2019-5-16]
2019/05/16 19:16:05 index.go:104: debug [Logger---------- taptap /stats/statscut 2019-5-9 2019-5-16]
2019/05/16 19:16:07 index.go:104: debug [Logger---------- taptap /stats/statscut 2019-5-9 2019-5-16]
2019/05/16 19:16:10 index.go:104: debug [Logger---------- taptap /stats/statscut 2019-5-9 2019-5-16]
2019/05/16 19:16:12 index.go:104: debug [Logger---------- taptap /stats/statscut 2019-5-9 2019-5-16]
2019/05/16 19:16:16 index.go:104: debug [Logger---------- taptap /stats/statscut 2019-5-9 2019-5-16]
2019/05/16 19:17:16 main.go:64: info [Shutdown Server ...]
2019/05/16 19:17:16 main.go:71: info [Server exiting]
2019/05/16 19:17:40 mysql.go:45: info [Mysql Has Open at  127.0.0.1]
2019/05/16 19:17:40 main.go:59: info [Http Serving at:  :8080]
2019/05/16 19:17:45 index.go:26: debug [GetUserInfo -------------- ]
2019/05/16 19:18:01 index.go:79: debug [Login -------------- taptap f379eaf3c831b04de153469d1bec345e f379eaf3c831b04de153469d1bec345e]
2019/05/16 19:18:01 index.go:26: debug [GetUserInfo -------------- taptap]
2019/05/16 19:18:03 index.go:104: debug [Logger---------- taptap /stats/statscut 2019-5-9 2019-5-16]
2019/05/16 19:18:05 index.go:104: debug [Logger---------- taptap /stats/statscut 2019-5-9 2019-5-16]
2019/05/16 19:18:26 index.go:104: debug [Logger---------- taptap /stats/statscut 2019-5-9 2019-5-16]
2019/05/16 19:23:58 main.go:64: info [Shutdown Server ...]
2019/05/16 19:23:58 main.go:71: info [Server exiting]
2019/05/16 19:24:25 mysql.go:45: info [Mysql Has Open at  127.0.0.1]
2019/05/16 19:24:25 main.go:59: info [Http Serving at:  :8080]
2019/05/16 19:24:30 index.go:26: debug [GetUserInfo -------------- ]
2019/05/16 19:24:55 index.go:79: debug [Login -------------- taptap f379eaf3c831b04de153469d1bec345e f379eaf3c831b04de153469d1bec345e]
2019/05/16 19:24:55 index.go:26: debug [GetUserInfo -------------- taptap]
2019/05/16 19:24:57 index.go:104: debug [Logger---------- taptap /stats/statscut 2019-5-9 2019-5-16]
2019/05/16 19:26:11 main.go:64: info [Shutdown Server ...]
2019/05/16 19:26:11 main.go:71: info [Server exiting]
2019/05/17 09:41:52 mysql.go:45: info [Mysql Has Open at  127.0.0.1]
2019/05/17 09:41:52 main.go:59: info [Http Serving at:  :8080]
2019/05/17 09:42:09 index.go:79: debug [Login -------------- admin e10adc3949ba59abbe56e057f20f883e e10adc3949ba59abbe56e057f20f883e]
2019/05/17 09:42:09 index.go:26: debug [GetUserInfo -------------- admin]
2019/05/17 09:42:14 index.go:104: debug [Logger---------- admin /stats/stats 2019-5-10 2019-5-17]
2019/05/17 09:42:15 index.go:104: debug [Logger---------- admin /stats/statscut 2019-5-10 2019-5-17]
2019/05/17 09:42:27 settings.go:22: debug [ReqSvrCfg -------------- admin ]
2019/05/17 09:42:27 settings.go:33: debug [ReqSvrCfg  https://qgame-test.dayukeji.com:12004/Logic/user/getServerConfig?gameId=]
2019/05/17 09:42:31 settings.go:22: debug [ReqSvrCfg -------------- admin 20201]
2019/05/17 09:42:31 settings.go:33: debug [ReqSvrCfg  https://qgame-test.dayukeji.com:12004/Logic/user/getServerConfig?gameId=20201]
2019/05/17 09:42:34 index.go:104: debug [Logger---------- admin /stats/stats 2019-5-10 2019-5-17]
2019/05/17 09:42:38 index.go:104: debug [Logger---------- admin /stats/statscut 2019-5-10 2019-5-17]
2019/05/17 09:42:52 main.go:64: info [Shutdown Server ...]
2019/05/17 09:42:52 main.go:71: info [Server exiting]
